Warning: '/fs/vulcan-projects/fsh_track/envs/trokens_env' already in 'envs_dirs' list, moving to the top
no change     /nfshomes/wlamousi/miniconda3/condabin/conda
no change     /nfshomes/wlamousi/miniconda3/bin/conda
no change     /nfshomes/wlamousi/miniconda3/bin/conda-env
no change     /nfshomes/wlamousi/miniconda3/bin/activate
no change     /nfshomes/wlamousi/miniconda3/bin/deactivate
no change     /nfshomes/wlamousi/miniconda3/etc/profile.d/conda.sh
no change     /nfshomes/wlamousi/miniconda3/etc/fish/conf.d/conda.fish
no change     /nfshomes/wlamousi/miniconda3/shell/condabin/Conda.psm1
no change     /nfshomes/wlamousi/miniconda3/shell/condabin/conda-hook.ps1
no change     /nfshomes/wlamousi/miniconda3/lib/python3.13/site-packages/xontrib/conda.xsh
no change     /nfshomes/wlamousi/miniconda3/etc/profile.d/conda.csh
no change     /nfshomes/wlamousi/.bashrc
No action taken.
Using cache found in /nfshomes/wlamousi/.cache/torch/hub/facebookresearch_co-tracker_main
Using cache found in /nfshomes/wlamousi/.cache/torch/hub/facebookresearch_dinov2_main
/nfshomes/wlamousi/.cache/torch/hub/facebookresearch_dinov2_main/dinov2/layers/swiglu_ffn.py:51: UserWarning: xFormers is not available (SwiGLU)
  warnings.warn("xFormers is not available (SwiGLU)")
/nfshomes/wlamousi/.cache/torch/hub/facebookresearch_dinov2_main/dinov2/layers/attention.py:33: UserWarning: xFormers is not available (Attention)
  warnings.warn("xFormers is not available (Attention)")
/nfshomes/wlamousi/.cache/torch/hub/facebookresearch_dinov2_main/dinov2/layers/block.py:40: UserWarning: xFormers is not available (Block)
  warnings.warn("xFormers is not available (Block)")
